TN:
SF:app.js
FN:30,(anonymous_0)
FN:35,(anonymous_1)
FNF:2
FNH:2
FNDA:2,(anonymous_0)
FNDA:50,(anonymous_1)
DA:5,4
DA:6,4
DA:8,4
DA:10,4
DA:11,4
DA:12,4
DA:13,4
DA:15,4
DA:17,4
DA:19,4
DA:20,4
DA:21,4
DA:22,4
DA:24,4
DA:25,4
DA:26,4
DA:30,4
DA:31,2
DA:35,4
DA:36,50
DA:37,50
DA:38,50
DA:40,50
DA:45,4
LF:24
LH:24
BRDA:36,0,0,1
BRDA:36,0,1,49
BRDA:37,1,0,50
BRDA:37,1,1,2
BRF:4
BRH:4
end_of_record
TN:
SF:config.js
FN:13,getDatabaseUri
FNF:1
FNH:1
FNDA:19,getDatabaseUri
DA:5,9
DA:6,9
DA:8,9
DA:10,9
DA:14,19
DA:22,9
DA:24,9
DA:25,9
DA:26,9
DA:27,9
DA:28,9
DA:29,9
DA:31,9
LF:13
LH:13
BRDA:8,0,0,9
BRDA:8,0,1,0
BRDA:10,1,0,9
BRDA:10,1,1,8
BRDA:14,2,0,16
BRDA:14,2,1,3
BRDA:16,3,0,3
BRDA:16,3,1,1
BRDA:22,4,0,8
BRDA:22,4,1,1
BRF:10
BRH:9
end_of_record
TN:
SF:db.js
FNF:0
FNH:0
DA:5,7
DA:6,7
DA:8,7
DA:12,7
DA:14,7
LF:5
LH:5
BRF:0
BRH:0
end_of_record
TN:
SF:expressError.js
FN:8,(anonymous_0)
FN:18,(anonymous_1)
FN:26,(anonymous_2)
FN:34,(anonymous_3)
FN:42,(anonymous_4)
FNF:5
FNH:4
FNDA:66,(anonymous_0)
FNDA:14,(anonymous_1)
FNDA:32,(anonymous_2)
FNDA:20,(anonymous_3)
FNDA:0,(anonymous_4)
DA:9,66
DA:10,66
DA:11,66
DA:19,14
DA:27,32
DA:35,20
DA:43,0
DA:47,8
LF:8
LH:7
BRDA:18,0,0,2
BRDA:26,1,0,28
BRDA:34,2,0,0
BRDA:42,3,0,0
BRF:4
BRH:2
end_of_record
TN:
SF:helpers/sql.js
FN:20,sqlForPartialUpdate
FN:25,(anonymous_1)
FNF:2
FNH:2
FNDA:17,sqlForPartialUpdate
FNDA:27,(anonymous_1)
DA:3,8
DA:21,17
DA:22,17
DA:25,14
DA:26,27
DA:29,14
DA:35,8
LF:7
LH:7
BRDA:22,0,0,3
BRDA:22,0,1,14
BRDA:26,1,0,27
BRDA:26,1,1,12
BRF:4
BRH:4
end_of_record
TN:
SF:helpers/tokens.js
FN:6,createToken
FNF:1
FNH:1
FNDA:13,createToken
DA:1,5
DA:2,5
DA:7,13
DA:10,13
DA:15,13
DA:18,5
LF:6
LH:6
BRDA:12,0,0,13
BRDA:12,0,1,8
BRF:2
BRH:2
end_of_record
TN:
SF:middleware/auth.js
FN:19,authenticateJWT
FN:38,ensureLoggedIn
FN:52,ensureAdmin
FN:67,isAuthorizedToAccessUserInfo
FNF:4
FNH:4
FNDA:75,authenticateJWT
FNDA:55,ensureLoggedIn
FNDA:31,ensureAdmin
FNDA:20,isAuthorizedToAccessUserInfo
DA:5,5
DA:6,5
DA:7,5
DA:8,5
DA:20,75
DA:21,75
DA:22,75
DA:23,49
DA:24,49
DA:25,48
DA:27,74
DA:29,1
DA:39,55
DA:40,55
DA:41,47
DA:43,8
DA:53,31
DA:54,31
DA:55,31
DA:56,16
DA:58,15
DA:69,20
DA:70,20
DA:71,15
DA:74,5
DA:77,5
DA:82,5
LF:27
LH:27
BRDA:21,0,0,75
BRDA:21,0,1,74
BRDA:22,1,0,49
BRDA:22,1,1,26
BRDA:40,2,0,8
BRDA:40,2,1,47
BRDA:55,3,0,15
BRDA:55,3,1,16
BRDA:70,4,0,15
BRDA:70,4,1,5
BRDA:70,5,0,20
BRDA:70,5,1,11
BRF:12
BRH:12
end_of_record
TN:
SF:models/_testCommon.js
FN:6,commonBeforeAll
FN:33,commonBeforeEach
FN:37,commonAfterEach
FN:41,commonAfterAll
FNF:4
FNH:4
FNDA:2,commonBeforeAll
FNDA:36,commonBeforeEach
FNDA:36,commonAfterEach
FNDA:2,commonAfterAll
DA:1,2
DA:3,2
DA:4,2
DA:8,2
DA:10,2
DA:12,2
DA:18,2
DA:34,36
DA:38,36
DA:42,2
DA:46,2
LF:11
LH:11
BRF:0
BRH:0
end_of_record
TN:
SF:models/company.js
FN:19,(anonymous_0)
FN:57,(anonymous_1)
FN:89,(anonymous_2)
FN:97,(anonymous_3)
FN:121,(anonymous_4)
FN:145,(anonymous_5)
FN:175,(anonymous_6)
FN:202,(anonymous_7)
FNF:8
FNH:8
FNDA:13,(anonymous_0)
FNDA:3,(anonymous_1)
FNDA:13,(anonymous_2)
FNDA:13,(anonymous_3)
FNDA:9,(anonymous_4)
FNDA:5,(anonymous_5)
FNDA:6,(anonymous_6)
FNDA:4,(anonymous_7)
DA:3,6
DA:4,6
DA:5,6
DA:20,13
DA:26,13
DA:27,1
DA:29,12
DA:47,12
DA:49,12
DA:58,3
DA:66,2
DA:90,13
DA:91,13
DA:92,2
DA:95,11
DA:97,11
DA:98,13
DA:99,6
DA:100,6
DA:102,7
DA:103,3
DA:104,3
DA:106,4
DA:107,4
DA:108,4
DA:111,11
DA:122,9
DA:123,8
DA:134,8
DA:146,5
DA:156,5
DA:158,5
DA:160,3
DA:176,6
DA:182,5
DA:184,5
DA:189,5
DA:190,5
DA:192,5
DA:194,3
DA:203,4
DA:209,4
DA:211,4
DA:216,6
LF:44
LH:44
BRDA:26,0,0,1
BRDA:26,0,1,12
BRDA:91,1,0,2
BRDA:91,1,1,11
BRDA:98,2,0,6
BRDA:98,2,1,7
BRDA:102,3,0,3
BRDA:102,3,1,4
BRDA:106,4,0,4
BRDA:106,4,1,0
BRDA:158,5,0,2
BRDA:158,5,1,3
BRDA:192,6,0,2
BRDA:192,6,1,3
BRDA:211,7,0,2
BRDA:211,7,1,2
BRF:16
BRH:15
end_of_record
TN:
SF:models/user.js
FN:24,(anonymous_0)
FN:59,(anonymous_1)
FN:104,(anonymous_2)
FN:126,(anonymous_3)
FN:162,(anonymous_4)
FN:195,(anonymous_5)
FNF:6
FNH:6
FNDA:8,(anonymous_0)
FNDA:16,(anonymous_1)
FNDA:3,(anonymous_2)
FNDA:5,(anonymous_3)
FNDA:9,(anonymous_4)
FNDA:5,(anonymous_5)
DA:3,5
DA:4,5
DA:5,5
DA:10,5
DA:12,5
DA:26,8
DA:38,8
DA:40,8
DA:42,5
DA:43,5
DA:44,4
DA:45,4
DA:49,4
DA:61,16
DA:68,16
DA:69,1
DA:72,15
DA:74,15
DA:94,15
DA:96,15
DA:105,3
DA:115,2
DA:127,5
DA:138,5
DA:140,5
DA:142,3
DA:163,9
DA:164,3
DA:167,9
DA:174,8
DA:176,8
DA:184,8
DA:185,8
DA:187,8
DA:189,6
DA:190,6
DA:196,5
DA:203,5
DA:205,5
DA:210,5
LF:40
LH:40
BRDA:40,0,0,5
BRDA:40,0,1,3
BRDA:43,1,0,4
BRDA:43,1,1,1
BRDA:68,2,0,1
BRDA:68,2,1,15
BRDA:140,3,0,2
BRDA:140,3,1,3
BRDA:163,4,0,3
BRDA:163,4,1,6
BRDA:187,5,0,2
BRDA:187,5,1,6
BRDA:205,6,0,2
BRDA:205,6,1,3
BRF:14
BRH:14
end_of_record
TN:
SF:routes/_testCommon.js
FN:8,commonBeforeAll
FN:65,commonBeforeEach
FN:69,commonAfterEach
FN:73,commonAfterAll
FNF:4
FNH:4
FNDA:3,commonBeforeAll
FNDA:70,commonBeforeEach
FNDA:70,commonAfterEach
FNDA:3,commonAfterAll
DA:3,3
DA:4,3
DA:5,3
DA:6,3
DA:10,3
DA:12,3
DA:14,3
DA:22,3
DA:30,3
DA:39,3
DA:47,3
DA:55,3
DA:66,70
DA:70,70
DA:74,3
DA:78,3
DA:79,3
DA:81,3
LF:18
LH:18
BRF:0
BRH:0
end_of_record
TN:
SF:routes/auth.js
FN:22,(anonymous_0)
FN:25,(anonymous_1)
FN:45,(anonymous_2)
FN:48,(anonymous_3)
FNF:4
FNH:4
FNDA:5,(anonymous_0)
FNDA:2,(anonymous_1)
FNDA:3,(anonymous_2)
FNDA:5,(anonymous_3)
DA:5,4
DA:7,4
DA:8,4
DA:9,4
DA:10,4
DA:11,4
DA:12,4
DA:13,4
DA:22,4
DA:23,5
DA:24,5
DA:25,2
DA:26,2
DA:29,3
DA:30,3
DA:31,1
DA:32,1
DA:45,4
DA:46,3
DA:47,3
DA:48,5
DA:49,2
DA:52,1
DA:53,1
DA:54,1
DA:58,4
LF:26
LH:26
BRDA:24,0,0,2
BRDA:24,0,1,3
BRDA:47,1,0,2
BRDA:47,1,1,1
BRF:4
BRH:4
end_of_record
TN:
SF:routes/companies.js
FN:28,(anonymous_0)
FN:31,(anonymous_1)
FN:50,(anonymous_2)
FN:65,(anonymous_3)
FN:85,(anonymous_4)
FN:101,(anonymous_5)
FN:104,(anonymous_6)
FN:117,(anonymous_7)
FNF:8
FNH:8
FNDA:3,(anonymous_0)
FNDA:3,(anonymous_1)
FNDA:6,(anonymous_2)
FNDA:1,(anonymous_3)
FNDA:3,(anonymous_4)
FNDA:4,(anonymous_5)
FNDA:2,(anonymous_6)
FNDA:2,(anonymous_7)
DA:5,4
DA:6,4
DA:8,4
DA:9,4
DA:10,4
DA:12,4
DA:13,4
DA:14,4
DA:16,4
DA:28,4
DA:29,3
DA:30,3
DA:31,3
DA:32,2
DA:35,1
DA:36,1
DA:50,4
DA:54,6
DA:56,6
DA:57,2
DA:59,6
DA:60,1
DA:63,6
DA:64,6
DA:65,1
DA:66,1
DA:69,5
DA:73,4
DA:85,4
DA:86,3
DA:87,2
DA:101,4
DA:102,4
DA:103,4
DA:104,2
DA:105,2
DA:108,2
DA:109,1
DA:117,4
DA:118,2
DA:119,1
DA:123,4
LF:42
LH:42
BRDA:30,0,0,2
BRDA:30,0,1,1
BRDA:56,1,0,2
BRDA:56,1,1,4
BRDA:59,2,0,1
BRDA:59,2,1,5
BRDA:64,3,0,1
BRDA:64,3,1,5
BRDA:69,4,0,3
BRDA:69,4,1,2
BRDA:103,5,0,2
BRDA:103,5,1,2
BRF:12
BRH:12
end_of_record
TN:
SF:routes/users.js
FN:32,(anonymous_0)
FN:35,(anonymous_1)
FN:52,(anonymous_2)
FN:66,(anonymous_3)
FN:83,(anonymous_4)
FN:86,(anonymous_5)
FN:101,(anonymous_6)
FNF:7
FNH:7
FNDA:4,(anonymous_0)
FNDA:5,(anonymous_1)
FNDA:2,(anonymous_2)
FNDA:3,(anonymous_3)
FNDA:7,(anonymous_4)
FNDA:2,(anonymous_5)
FNDA:3,(anonymous_6)
DA:5,4
DA:7,4
DA:10,4
DA:11,4
DA:12,4
DA:13,4
DA:14,4
DA:15,4
DA:17,4
DA:32,4
DA:33,4
DA:34,4
DA:35,5
DA:36,2
DA:39,2
DA:40,2
DA:41,2
DA:52,4
DA:53,2
DA:54,1
DA:65,4
DA:67,3
DA:68,2
DA:82,4
DA:84,7
DA:85,7
DA:86,2
DA:87,2
DA:90,5
DA:91,4
DA:100,4
DA:102,3
DA:103,2
DA:107,4
LF:34
LH:34
BRDA:34,0,0,2
BRDA:34,0,1,2
BRDA:85,1,0,2
BRDA:85,1,1,5
BRF:4
BRH:4
end_of_record
